# JRE version: OpenJDK Runtime Environment Temurin-21.0.7+6 (21.0.7+6) (build 21.0.7+6-LTS)
# Java VM: OpenJDK 64-Bit Server VM Temurin-21.0.7+6 (21.0.7+6-LTS, mixed mode, sharing, tiered, compressed oops, compressed class ptrs, parallel gc, windows-amd64)
GC Precious Log:
 CardTable entry size: 512
 CPUs: 8 total, 8 available
 Memory: 7971M
 Large Page Support: Disabled
 NUMA Support: Disabled
 Compressed Oops: Enabled (32-bit)
 Alignments: Space 512K, Generation 512K, Heap 2M
 Heap Min Capacity: 100M
 Heap Initial Capacity: 100M
 Heap Max Capacity: 1G
 Pre-touch: Disabled
 Parallel Workers: 8
Heap:
 PSYoungGen      total 6656K, used 4184K [0x00000000eab00000, 0x00000000eb280000, 0x0000000100000000)
  eden space 5632K, 63% used [0x00000000eab00000,0x00000000eae7a220,0x00000000eb080000)
  from space 1024K, 60% used [0x00000000eb180000,0x00000000eb21c010,0x00000000eb280000)
  to   space 1024K, 0% used [0x00000000eb080000,0x00000000eb080000,0x00000000eb180000)
 ParOldGen       total 545792K, used 545581K [0x00000000c0000000, 0x00000000e1500000, 0x00000000eab00000)
  object space 545792K, 99% used [0x00000000c0000000,0x00000000e14cb6c8,0x00000000e1500000)
 Metaspace       used 93861K, committed 95680K, reserved 1179648K
  class space    used 9430K, committed 10240K, reserved 1048576K
GC Heap History (20 events):
Event: 2157.944 GC heap before
{Heap before GC invocations=3738 (full 8):
 PSYoungGen      total 5632K, used 5595K [0x00000000eab00000, 0x00000000eb880000, 0x0000000100000000)
  eden space 3584K, 99% used [0x00000000eab00000,0x00000000eae7d6e0,0x00000000eae80000)
  from space 2048K, 98% used [0x00000000eae80000,0x00000000eb079720,0x00000000eb080000)
  to   space 4608K, 0% used [0x00000000eb400000,0x00000000eb400000,0x00000000eb880000)
 ParOldGen       total 500224K, used 499825K [0x00000000c0000000, 0x00000000de880000, 0x00000000eab00000)
  object space 500224K, 99% used [0x00000000c0000000,0x00000000de81c5e8,0x00000000de880000)
 Metaspace       used 93838K, committed 95616K, reserved 1179648K
  class space    used 9430K, committed 10240K, reserved 1048576K
}
Event: 2157.949 GC heap after
{Heap after GC invocations=3738 (full 8):
 PSYoungGen      total 7680K, used 2863K [0x00000000eab00000, 0x00000000eb700000, 0x0000000100000000)
  eden space 4608K, 0% used [0x00000000eab00000,0x00000000eab00000,0x00000000eaf80000)
  from space 3072K, 93% used [0x00000000eb400000,0x00000000eb6cbd88,0x00000000eb700000)
  to   space 3584K, 0% used [0x00000000eb000000,0x00000000eb000000,0x00000000eb380000)
 ParOldGen       total 502272K, used 501857K [0x00000000c0000000, 0x00000000dea80000, 0x00000000eab00000)
  object space 502272K, 99% used [0x00000000c0000000,0x00000000dea187a8,0x00000000dea80000)
 Metaspace       used 93838K, committed 95616K, reserved 1179648K
  class space    used 9430K, committed 10240K, reserved 1048576K
}
Event: 2159.824 GC heap before
{Heap before GC invocations=3739 (full 8):
 PSYoungGen      total 7680K, used 7471K [0x00000000eab00000, 0x00000000eb700000, 0x0000000100000000)
  eden space 4608K, 100% used [0x00000000eab00000,0x00000000eaf80000,0x00000000eaf80000)
  from space 3072K, 93% used [0x00000000eb400000,0x00000000eb6cbd88,0x00000000eb700000)
  to   space 3584K, 0% used [0x00000000eb000000,0x00000000eb000000,0x00000000eb380000)
 ParOldGen       total 502272K, used 501857K [0x00000000c0000000, 0x00000000dea80000, 0x00000000eab00000)
  object space 502272K, 99% used [0x00000000c0000000,0x00000000dea187a8,0x00000000dea80000)
 Metaspace       used 93838K, committed 95616K, reserved 1179648K
  class space    used 9430K, committed 10240K, reserved 1048576K
}
Event: 2159.830 GC heap after
{Heap after GC invocations=3739 (full 8):
 PSYoungGen      total 5632K, used 900K [0x00000000eab00000, 0x00000000eb480000, 0x0000000100000000)
  eden space 4608K, 0% used [0x00000000eab00000,0x00000000eab00000,0x00000000eaf80000)
  from space 1024K, 87% used [0x00000000eb000000,0x00000000eb0e1230,0x00000000eb100000)
  to   space 2048K, 0% used [0x00000000eb280000,0x00000000eb280000,0x00000000eb480000)
 ParOldGen       total 504832K, used 504590K [0x00000000c0000000, 0x00000000ded00000, 0x00000000eab00000)
  object space 504832K, 99% used [0x00000000c0000000,0x00000000decc3b10,0x00000000ded00000)
 Metaspace       used 93838K, committed 95616K, reserved 1179648K
  class space    used 9430K, committed 10240K, reserved 1048576K
}
Event: 2159.855 GC heap before
{Heap before GC invocations=3740 (full 8):
 PSYoungGen      total 5632K, used 5508K [0x00000000eab00000, 0x00000000eb480000, 0x0000000100000000)
  eden space 4608K, 100% used [0x00000000eab00000,0x00000000eaf80000,0x00000000eaf80000)
  from space 1024K, 87% used [0x00000000eb000000,0x00000000eb0e1230,0x00000000eb100000)
  to   space 2048K, 0% used [0x00000000eb280000,0x00000000eb280000,0x00000000eb480000)
 ParOldGen       total 504832K, used 504590K [0x00000000c0000000, 0x00000000ded00000, 0x00000000eab00000)
  object space 504832K, 99% used [0x00000000c0000000,0x00000000decc3b10,0x00000000ded00000)
 Metaspace       used 93838K, committed 95616K, reserved 1179648K
  class space    used 9430K, committed 10240K, reserved 1048576K
}
Event: 2159.859 GC heap after
{Heap after GC invocations=3740 (full 8):
 PSYoungGen      total 5632K, used 672K [0x00000000eab00000, 0x00000000eb380000, 0x0000000100000000)
  eden space 4608K, 0% used [0x00000000eab00000,0x00000000eab00000,0x00000000eaf80000)
  from space 1024K, 65% used [0x00000000eb280000,0x00000000eb328000,0x00000000eb380000)
  to   space 1024K, 0% used [0x00000000eb000000,0x00000000eb000000,0x00000000eb100000)
 ParOldGen       total 505856K, used 505350K [0x00000000c0000000, 0x00000000dee00000, 0x00000000eab00000)
  object space 505856K, 99% used [0x00000000c0000000,0x00000000ded81848,0x00000000dee00000)
 Metaspace       used 93838K, committed 95616K, reserved 1179648K
  class space    used 9430K, committed 10240K, reserved 1048576K
}
Event: 2159.865 GC heap before
{Heap before GC invocations=3741 (full 8):
 PSYoungGen      total 5632K, used 5280K [0x00000000eab00000, 0x00000000eb380000, 0x0000000100000000)
  eden space 4608K, 100% used [0x00000000eab00000,0x00000000eaf80000,0x00000000eaf80000)
  from space 1024K, 65% used [0x00000000eb280000,0x00000000eb328000,0x00000000eb380000)
  to   space 1024K, 0% used [0x00000000eb000000,0x00000000eb000000,0x00000000eb100000)
 ParOldGen       total 505856K, used 505350K [0x00000000c0000000, 0x00000000dee00000, 0x00000000eab00000)
  object space 505856K, 99% used [0x00000000c0000000,0x00000000ded81848,0x00000000dee00000)
 Metaspace       used 93838K, committed 95616K, reserved 1179648K
  class space    used 9430K, committed 10240K, reserved 1048576K
}
Event: 2159.871 GC heap after
{Heap after GC invocations=3741 (full 8):
 PSYoungGen      total 6144K, used 544K [0x00000000eab00000, 0x00000000eb300000, 0x0000000100000000)
  eden space 5120K, 0% used [0x00000000eab00000,0x00000000eab00000,0x00000000eb000000)
  from space 1024K, 53% used [0x00000000eb000000,0x00000000eb088000,0x00000000eb100000)
  to   space 1024K, 0% used [0x00000000eb200000,0x00000000eb200000,0x00000000eb300000)
 ParOldGen       total 506368K, used 505874K [0x00000000c0000000, 0x00000000dee80000, 0x00000000eab00000)
  object space 506368K, 99% used [0x00000000c0000000,0x00000000dee04898,0x00000000dee80000)
 Metaspace       used 93838K, committed 95616K, reserved 1179648K
  class space    used 9430K, committed 10240K, reserved 1048576K
}
Event: 2159.890 GC heap before
{Heap before GC invocations=3742 (full 8):
 PSYoungGen      total 6144K, used 5664K [0x00000000eab00000, 0x00000000eb300000, 0x0000000100000000)
  eden space 5120K, 100% used [0x00000000eab00000,0x00000000eb000000,0x00000000eb000000)
  from space 1024K, 53% used [0x00000000eb000000,0x00000000eb088000,0x00000000eb100000)
  to   space 1024K, 0% used [0x00000000eb200000,0x00000000eb200000,0x00000000eb300000)
 ParOldGen       total 506368K, used 505874K [0x00000000c0000000, 0x00000000dee80000, 0x00000000eab00000)
  object space 506368K, 99% used [0x00000000c0000000,0x00000000dee04898,0x00000000dee80000)
 Metaspace       used 93838K, committed 95616K, reserved 1179648K
  class space    used 9430K, committed 10240K, reserved 1048576K
}
Event: 2159.894 GC heap after
{Heap after GC invocations=3742 (full 8):
 PSYoungGen      total 7168K, used 688K [0x00000000eab00000, 0x00000000eb300000, 0x0000000100000000)
  eden space 6144K, 0% used [0x00000000eab00000,0x00000000eab00000,0x00000000eb100000)
  from space 1024K, 67% used [0x00000000eb200000,0x00000000eb2ac030,0x00000000eb300000)
  to   space 1024K, 0% used [0x00000000eb100000,0x00000000eb100000,0x00000000eb200000)
 ParOldGen       total 506368K, used 506270K [0x00000000c0000000, 0x00000000dee80000, 0x00000000eab00000)
  object space 506368K, 99% used [0x00000000c0000000,0x00000000dee678c8,0x00000000dee80000)
 Metaspace       used 93838K, committed 95616K, reserved 1179648K
  class space    used 9430K, committed 10240K, reserved 1048576K
}
Event: 2159.937 GC heap before
{Heap before GC invocations=3743 (full 8):
 PSYoungGen      total 7168K, used 6832K [0x00000000eab00000, 0x00000000eb300000, 0x0000000100000000)
  eden space 6144K, 100% used [0x00000000eab00000,0x00000000eb100000,0x00000000eb100000)
  from space 1024K, 67% used [0x00000000eb200000,0x00000000eb2ac030,0x00000000eb300000)
  to   space 1024K, 0% used [0x00000000eb100000,0x00000000eb100000,0x00000000eb200000)
 ParOldGen       total 506368K, used 506270K [0x00000000c0000000, 0x00000000dee80000, 0x00000000eab00000)
  object space 506368K, 99% used [0x00000000c0000000,0x00000000dee678c8,0x00000000dee80000)
 Metaspace       used 93838K, committed 95616K, reserved 1179648K
  class space    used 9430K, committed 10240K, reserved 1048576K
}
Event: 2159.944 GC heap after
{Heap after GC invocations=3743 (full 8):
 PSYoungGen      total 7168K, used 1012K [0x00000000eab00000, 0x00000000eb500000, 0x0000000100000000)
  eden space 6144K, 0% used [0x00000000eab00000,0x00000000eab00000,0x00000000eb100000)
  from space 1024K, 98% used [0x00000000eb100000,0x00000000eb1fd200,0x00000000eb200000)
  to   space 2048K, 0% used [0x00000000eb300000,0x00000000eb300000,0x00000000eb500000)
 ParOldGen       total 506880K, used 506862K [0x00000000c0000000, 0x00000000def00000, 0x00000000eab00000)
  object space 506880K, 99% used [0x00000000c0000000,0x00000000deefb9a0,0x00000000def00000)
 Metaspace       used 93838K, committed 95616K, reserved 1179648K
  class space    used 9430K, committed 10240K, reserved 1048576K
}
Event: 2159.961 GC heap before
{Heap before GC invocations=3744 (full 8):
 PSYoungGen      total 7168K, used 7156K [0x00000000eab00000, 0x00000000eb500000, 0x0000000100000000)
  eden space 6144K, 100% used [0x00000000eab00000,0x00000000eb100000,0x00000000eb100000)
  from space 1024K, 98% used [0x00000000eb100000,0x00000000eb1fd200,0x00000000eb200000)
  to   space 2048K, 0% used [0x00000000eb300000,0x00000000eb300000,0x00000000eb500000)
 ParOldGen       total 506880K, used 506862K [0x00000000c0000000, 0x00000000def00000, 0x00000000eab00000)
  object space 506880K, 99% used [0x00000000c0000000,0x00000000deefb9a0,0x00000000def00000)
 Metaspace       used 93838K, committed 95616K, reserved 1179648K
  class space    used 9430K, committed 10240K, reserved 1048576K
}
Event: 2159.966 GC heap after
{Heap after GC invocations=3744 (full 8):
 PSYoungGen      total 7168K, used 672K [0x00000000eab00000, 0x00000000eb400000, 0x0000000100000000)
  eden space 6144K, 0% used [0x00000000eab00000,0x00000000eab00000,0x00000000eb100000)
  from space 1024K, 65% used [0x00000000eb300000,0x00000000eb3a8020,0x00000000eb400000)
  to   space 1024K, 0% used [0x00000000eb100000,0x00000000eb100000,0x00000000eb200000)
 ParOldGen       total 507904K, used 507874K [0x00000000c0000000, 0x00000000df000000, 0x00000000eab00000)
  object space 507904K, 99% used [0x00000000c0000000,0x00000000deff8a50,0x00000000df000000)
 Metaspace       used 93838K, committed 95616K, reserved 1179648K
  class space    used 9430K, committed 10240K, reserved 1048576K
}
Event: 2159.979 GC heap before
{Heap before GC invocations=3745 (full 8):
 PSYoungGen      total 7168K, used 6816K [0x00000000eab00000, 0x00000000eb400000, 0x0000000100000000)
  eden space 6144K, 100% used [0x00000000eab00000,0x00000000eb100000,0x00000000eb100000)
  from space 1024K, 65% used [0x00000000eb300000,0x00000000eb3a8020,0x00000000eb400000)
  to   space 1024K, 0% used [0x00000000eb100000,0x00000000eb100000,0x00000000eb200000)
 ParOldGen       total 507904K, used 507874K [0x00000000c0000000, 0x00000000df000000, 0x00000000eab00000)
  object space 507904K, 99% used [0x00000000c0000000,0x00000000deff8a50,0x00000000df000000)
 Metaspace       used 93838K, committed 95616K, reserved 1179648K
  class space    used 9430K, committed 10240K, reserved 1048576K
}
Event: 2159.980 GC heap after
{Heap after GC invocations=3745 (full 8):
 PSYoungGen      total 7168K, used 560K [0x00000000eab00000, 0x00000000eb380000, 0x0000000100000000)
  eden space 6144K, 0% used [0x00000000eab00000,0x00000000eab00000,0x00000000eb100000)
  from space 1024K, 54% used [0x00000000eb100000,0x00000000eb18c010,0x00000000eb200000)
  to   space 1024K, 0% used [0x00000000eb280000,0x00000000eb280000,0x00000000eb380000)
 ParOldGen       total 508928K, used 508474K [0x00000000c0000000, 0x00000000df100000, 0x00000000eab00000)
  object space 508928K, 99% used [0x00000000c0000000,0x00000000df08eab0,0x00000000df100000)
 Metaspace       used 93838K, committed 95616K, reserved 1179648K
  class space    used 9430K, committed 10240K, reserved 1048576K
}
Event: 2160.087 GC heap before
{Heap before GC invocations=3746 (full 8):
 PSYoungGen      total 7168K, used 6704K [0x00000000eab00000, 0x00000000eb380000, 0x0000000100000000)
  eden space 6144K, 100% used [0x00000000eab00000,0x00000000eb100000,0x00000000eb100000)
  from space 1024K, 54% used [0x00000000eb100000,0x00000000eb18c010,0x00000000eb200000)
  to   space 1024K, 0% used [0x00000000eb280000,0x00000000eb280000,0x00000000eb380000)
 ParOldGen       total 508928K, used 508474K [0x00000000c0000000, 0x00000000df100000, 0x00000000eab00000)
  object space 508928K, 99% used [0x00000000c0000000,0x00000000df08eab0,0x00000000df100000)
 Metaspace       used 93838K, committed 95616K, reserved 1179648K
  class space    used 9430K, committed 10240K, reserved 1048576K
}
Event: 2160.092 GC heap after
{Heap after GC invocations=3746 (full 8):
 PSYoungGen      total 6656K, used 1009K [0x00000000eab00000, 0x00000000eb500000, 0x0000000100000000)
  eden space 5632K, 0% used [0x00000000eab00000,0x00000000eab00000,0x00000000eb080000)
  from space 1024K, 98% used [0x00000000eb280000,0x00000000eb37c638,0x00000000eb380000)
  to   space 2048K, 0% used [0x00000000eb080000,0x00000000eb080000,0x00000000eb280000)
 ParOldGen       total 509440K, used 509130K [0x00000000c0000000, 0x00000000df180000, 0x00000000eab00000)
  object space 509440K, 99% used [0x00000000c0000000,0x00000000df132bb8,0x00000000df180000)
 Metaspace       used 93838K, committed 95616K, reserved 1179648K
  class space    used 9430K, committed 10240K, reserved 1048576K
}
Event: 2160.231 GC heap before
{Heap before GC invocations=3747 (full 8):
 PSYoungGen      total 6656K, used 6641K [0x00000000eab00000, 0x00000000eb500000, 0x0000000100000000)
  eden space 5632K, 100% used [0x00000000eab00000,0x00000000eb080000,0x00000000eb080000)
  from space 1024K, 98% used [0x00000000eb280000,0x00000000eb37c638,0x00000000eb380000)
  to   space 2048K, 0% used [0x00000000eb080000,0x00000000eb080000,0x00000000eb280000)
 ParOldGen       total 509440K, used 509130K [0x00000000c0000000, 0x00000000df180000, 0x00000000eab00000)
  object space 509440K, 99% used [0x00000000c0000000,0x00000000df132bb8,0x00000000df180000)
 Metaspace       used 93842K, committed 95616K, reserved 1179648K
  class space    used 9430K, committed 10240K, reserved 1048576K
}
Event: 2160.240 GC heap after
{Heap after GC invocations=3747 (full 8):
 PSYoungGen      total 7168K, used 1088K [0x00000000eab00000, 0x00000000eb380000, 0x0000000100000000)
  eden space 5632K, 0% used [0x00000000eab00000,0x00000000eab00000,0x00000000eb080000)
  from space 1536K, 70% used [0x00000000eb080000,0x00000000eb190000,0x00000000eb200000)
  to   space 1536K, 0% used [0x00000000eb200000,0x00000000eb200000,0x00000000eb380000)
 ParOldGen       total 510464K, used 510141K [0x00000000c0000000, 0x00000000df280000, 0x00000000eab00000)
  object space 510464K, 99% used [0x00000000c0000000,0x00000000df22f648,0x00000000df280000)
 Metaspace       used 93842K, committed 95616K, reserved 1179648K
  class space    used 9430K, committed 10240K, reserved 1048576K
}

