# JRE version: OpenJDK Runtime Environment Temurin-21.0.7+6 (21.0.7+6) (build 21.0.7+6-LTS)
# Java VM: OpenJDK 64-Bit Server VM Temurin-21.0.7+6 (21.0.7+6-LTS, mixed mode, sharing, tiered, compressed oops, compressed class ptrs, parallel gc, windows-amd64)
GC Precious Log:
 CardTable entry size: 512
 CPUs: 8 total, 8 available
 Memory: 7971M
 Large Page Support: Disabled
 NUMA Support: Disabled
 Compressed Oops: Enabled (32-bit)
 Alignments: Space 512K, Generation 512K, Heap 2M
 Heap Min Capacity: 100M
 Heap Initial Capacity: 100M
 Heap Max Capacity: 1G
 Pre-touch: Disabled
 Parallel Workers: 8
Heap:
 PSYoungGen      total 21504K, used 16779K [0x00000000eab00000, 0x00000000ec280000, 0x0000000100000000)
  eden space 20480K, 76% used [0x00000000eab00000,0x00000000eba64048,0x00000000ebf00000)
  from space 1024K, 99% used [0x00000000ec080000,0x00000000ec17ecd8,0x00000000ec180000)
  to   space 512K, 0% used [0x00000000ec200000,0x00000000ec200000,0x00000000ec280000)
 ParOldGen       total 68608K, used 49494K [0x00000000c0000000, 0x00000000c4300000, 0x00000000eab00000)
  object space 68608K, 72% used [0x00000000c0000000,0x00000000c30558c0,0x00000000c4300000)
 Metaspace       used 45871K, committed 47040K, reserved 1114112K
  class space    used 4325K, committed 4864K, reserved 1048576K
GC Heap History (20 events):
Event: 29.297 GC heap before
{Heap before GC invocations=28 (full 2):
 PSYoungGen      total 23552K, used 23538K [0x00000000eab00000, 0x00000000ec480000, 0x0000000100000000)
  eden space 20992K, 100% used [0x00000000eab00000,0x00000000ebf80000,0x00000000ebf80000)
  from space 2560K, 99% used [0x00000000ebf80000,0x00000000ec1fc8a8,0x00000000ec200000)
  to   space 2560K, 0% used [0x00000000ec200000,0x00000000ec200000,0x00000000ec480000)
 ParOldGen       total 68608K, used 34477K [0x00000000c0000000, 0x00000000c4300000, 0x00000000eab00000)
  object space 68608K, 50% used [0x00000000c0000000,0x00000000c21ab400,0x00000000c4300000)
 Metaspace       used 44487K, committed 45632K, reserved 1114112K
  class space    used 4304K, committed 4800K, reserved 1048576K
}
Event: 29.304 GC heap after
{Heap after GC invocations=28 (full 2):
 PSYoungGen      total 23040K, used 2032K [0x00000000eab00000, 0x00000000ec580000, 0x0000000100000000)
  eden space 20480K, 0% used [0x00000000eab00000,0x00000000eab00000,0x00000000ebf00000)
  from space 2560K, 79% used [0x00000000ec200000,0x00000000ec3fc010,0x00000000ec480000)
  to   space 3072K, 0% used [0x00000000ebf00000,0x00000000ebf00000,0x00000000ec200000)
 ParOldGen       total 68608K, used 36870K [0x00000000c0000000, 0x00000000c4300000, 0x00000000eab00000)
  object space 68608K, 53% used [0x00000000c0000000,0x00000000c2401be8,0x00000000c4300000)
 Metaspace       used 44487K, committed 45632K, reserved 1114112K
  class space    used 4304K, committed 4800K, reserved 1048576K
}
Event: 30.290 GC heap before
{Heap before GC invocations=29 (full 2):
 PSYoungGen      total 23040K, used 22512K [0x00000000eab00000, 0x00000000ec580000, 0x0000000100000000)
  eden space 20480K, 100% used [0x00000000eab00000,0x00000000ebf00000,0x00000000ebf00000)
  from space 2560K, 79% used [0x00000000ec200000,0x00000000ec3fc010,0x00000000ec480000)
  to   space 3072K, 0% used [0x00000000ebf00000,0x00000000ebf00000,0x00000000ec200000)
 ParOldGen       total 68608K, used 36870K [0x00000000c0000000, 0x00000000c4300000, 0x00000000eab00000)
  object space 68608K, 53% used [0x00000000c0000000,0x00000000c2401be8,0x00000000c4300000)
 Metaspace       used 44800K, committed 45952K, reserved 1114112K
  class space    used 4304K, committed 4800K, reserved 1048576K
}
Event: 30.295 GC heap after
{Heap after GC invocations=29 (full 2):
 PSYoungGen      total 22016K, used 1408K [0x00000000eab00000, 0x00000000ec300000, 0x0000000100000000)
  eden space 20480K, 0% used [0x00000000eab00000,0x00000000eab00000,0x00000000ebf00000)
  from space 1536K, 91% used [0x00000000ebf00000,0x00000000ec060020,0x00000000ec080000)
  to   space 2048K, 0% used [0x00000000ec100000,0x00000000ec100000,0x00000000ec300000)
 ParOldGen       total 68608K, used 38786K [0x00000000c0000000, 0x00000000c4300000, 0x00000000eab00000)
  object space 68608K, 56% used [0x00000000c0000000,0x00000000c25e0b98,0x00000000c4300000)
 Metaspace       used 44800K, committed 45952K, reserved 1114112K
  class space    used 4304K, committed 4800K, reserved 1048576K
}
Event: 30.833 GC heap before
{Heap before GC invocations=30 (full 2):
 PSYoungGen      total 22016K, used 21888K [0x00000000eab00000, 0x00000000ec300000, 0x0000000100000000)
  eden space 20480K, 100% used [0x00000000eab00000,0x00000000ebf00000,0x00000000ebf00000)
  from space 1536K, 91% used [0x00000000ebf00000,0x00000000ec060020,0x00000000ec080000)
  to   space 2048K, 0% used [0x00000000ec100000,0x00000000ec100000,0x00000000ec300000)
 ParOldGen       total 68608K, used 38786K [0x00000000c0000000, 0x00000000c4300000, 0x00000000eab00000)
  object space 68608K, 56% used [0x00000000c0000000,0x00000000c25e0b98,0x00000000c4300000)
 Metaspace       used 44934K, committed 46080K, reserved 1114112K
  class space    used 4304K, committed 4800K, reserved 1048576K
}
Event: 30.839 GC heap after
{Heap after GC invocations=30 (full 2):
 PSYoungGen      total 22528K, used 1520K [0x00000000eab00000, 0x00000000ec300000, 0x0000000100000000)
  eden space 20480K, 0% used [0x00000000eab00000,0x00000000eab00000,0x00000000ebf00000)
  from space 2048K, 74% used [0x00000000ec100000,0x00000000ec27c050,0x00000000ec300000)
  to   space 2048K, 0% used [0x00000000ebf00000,0x00000000ebf00000,0x00000000ec100000)
 ParOldGen       total 68608K, used 40026K [0x00000000c0000000, 0x00000000c4300000, 0x00000000eab00000)
  object space 68608K, 58% used [0x00000000c0000000,0x00000000c2716818,0x00000000c4300000)
 Metaspace       used 44934K, committed 46080K, reserved 1114112K
  class space    used 4304K, committed 4800K, reserved 1048576K
}
Event: 32.089 GC heap before
{Heap before GC invocations=31 (full 2):
 PSYoungGen      total 22528K, used 22000K [0x00000000eab00000, 0x00000000ec300000, 0x0000000100000000)
  eden space 20480K, 100% used [0x00000000eab00000,0x00000000ebf00000,0x00000000ebf00000)
  from space 2048K, 74% used [0x00000000ec100000,0x00000000ec27c050,0x00000000ec300000)
  to   space 2048K, 0% used [0x00000000ebf00000,0x00000000ebf00000,0x00000000ec100000)
 ParOldGen       total 68608K, used 40026K [0x00000000c0000000, 0x00000000c4300000, 0x00000000eab00000)
  object space 68608K, 58% used [0x00000000c0000000,0x00000000c2716818,0x00000000c4300000)
 Metaspace       used 45022K, committed 46144K, reserved 1114112K
  class space    used 4309K, committed 4800K, reserved 1048576K
}
Event: 32.096 GC heap after
{Heap after GC invocations=31 (full 2):
 PSYoungGen      total 22528K, used 2032K [0x00000000eab00000, 0x00000000ec700000, 0x0000000100000000)
  eden space 20480K, 0% used [0x00000000eab00000,0x00000000eab00000,0x00000000ebf00000)
  from space 2048K, 99% used [0x00000000ebf00000,0x00000000ec0fc0a8,0x00000000ec100000)
  to   space 4096K, 0% used [0x00000000ec300000,0x00000000ec300000,0x00000000ec700000)
 ParOldGen       total 68608K, used 41339K [0x00000000c0000000, 0x00000000c4300000, 0x00000000eab00000)
  object space 68608K, 60% used [0x00000000c0000000,0x00000000c285ef10,0x00000000c4300000)
 Metaspace       used 45022K, committed 46144K, reserved 1114112K
  class space    used 4309K, committed 4800K, reserved 1048576K
}
Event: 32.715 GC heap before
{Heap before GC invocations=32 (full 2):
 PSYoungGen      total 22528K, used 22512K [0x00000000eab00000, 0x00000000ec700000, 0x0000000100000000)
  eden space 20480K, 100% used [0x00000000eab00000,0x00000000ebf00000,0x00000000ebf00000)
  from space 2048K, 99% used [0x00000000ebf00000,0x00000000ec0fc0a8,0x00000000ec100000)
  to   space 4096K, 0% used [0x00000000ec300000,0x00000000ec300000,0x00000000ec700000)
 ParOldGen       total 68608K, used 41339K [0x00000000c0000000, 0x00000000c4300000, 0x00000000eab00000)
  object space 68608K, 60% used [0x00000000c0000000,0x00000000c285ef10,0x00000000c4300000)
 Metaspace       used 45239K, committed 46464K, reserved 1114112K
  class space    used 4316K, committed 4864K, reserved 1048576K
}
Event: 32.721 GC heap after
{Heap after GC invocations=32 (full 2):
 PSYoungGen      total 22528K, used 1680K [0x00000000eab00000, 0x00000000ec500000, 0x0000000100000000)
  eden space 20480K, 0% used [0x00000000eab00000,0x00000000eab00000,0x00000000ebf00000)
  from space 2048K, 82% used [0x00000000ec300000,0x00000000ec4a4050,0x00000000ec500000)
  to   space 2560K, 0% used [0x00000000ec000000,0x00000000ec000000,0x00000000ec280000)
 ParOldGen       total 68608K, used 43255K [0x00000000c0000000, 0x00000000c4300000, 0x00000000eab00000)
  object space 68608K, 63% used [0x00000000c0000000,0x00000000c2a3dc18,0x00000000c4300000)
 Metaspace       used 45239K, committed 46464K, reserved 1114112K
  class space    used 4316K, committed 4864K, reserved 1048576K
}
Event: 33.782 GC heap before
{Heap before GC invocations=33 (full 2):
 PSYoungGen      total 22528K, used 22160K [0x00000000eab00000, 0x00000000ec500000, 0x0000000100000000)
  eden space 20480K, 100% used [0x00000000eab00000,0x00000000ebf00000,0x00000000ebf00000)
  from space 2048K, 82% used [0x00000000ec300000,0x00000000ec4a4050,0x00000000ec500000)
  to   space 2560K, 0% used [0x00000000ec000000,0x00000000ec000000,0x00000000ec280000)
 ParOldGen       total 68608K, used 43255K [0x00000000c0000000, 0x00000000c4300000, 0x00000000eab00000)
  object space 68608K, 63% used [0x00000000c0000000,0x00000000c2a3dc18,0x00000000c4300000)
 Metaspace       used 45370K, committed 46592K, reserved 1114112K
  class space    used 4318K, committed 4864K, reserved 1048576K
}
Event: 33.787 GC heap after
{Heap after GC invocations=33 (full 2):
 PSYoungGen      total 22528K, used 1856K [0x00000000eab00000, 0x00000000ec380000, 0x0000000100000000)
  eden space 20480K, 0% used [0x00000000eab00000,0x00000000eab00000,0x00000000ebf00000)
  from space 2048K, 90% used [0x00000000ec000000,0x00000000ec1d0020,0x00000000ec200000)
  to   space 1536K, 0% used [0x00000000ec200000,0x00000000ec200000,0x00000000ec380000)
 ParOldGen       total 68608K, used 44788K [0x00000000c0000000, 0x00000000c4300000, 0x00000000eab00000)
  object space 68608K, 65% used [0x00000000c0000000,0x00000000c2bbd2f8,0x00000000c4300000)
 Metaspace       used 45370K, committed 46592K, reserved 1114112K
  class space    used 4318K, committed 4864K, reserved 1048576K
}
Event: 34.417 GC heap before
{Heap before GC invocations=34 (full 2):
 PSYoungGen      total 22528K, used 22336K [0x00000000eab00000, 0x00000000ec380000, 0x0000000100000000)
  eden space 20480K, 100% used [0x00000000eab00000,0x00000000ebf00000,0x00000000ebf00000)
  from space 2048K, 90% used [0x00000000ec000000,0x00000000ec1d0020,0x00000000ec200000)
  to   space 1536K, 0% used [0x00000000ec200000,0x00000000ec200000,0x00000000ec380000)
 ParOldGen       total 68608K, used 44788K [0x00000000c0000000, 0x00000000c4300000, 0x00000000eab00000)
  object space 68608K, 65% used [0x00000000c0000000,0x00000000c2bbd2f8,0x00000000c4300000)
 Metaspace       used 45475K, committed 46656K, reserved 1114112K
  class space    used 4320K, committed 4864K, reserved 1048576K
}
Event: 34.421 GC heap after
{Heap after GC invocations=34 (full 2):
 PSYoungGen      total 20992K, used 416K [0x00000000eab00000, 0x00000000ec280000, 0x0000000100000000)
  eden space 20480K, 0% used [0x00000000eab00000,0x00000000eab00000,0x00000000ebf00000)
  from space 512K, 81% used [0x00000000ec200000,0x00000000ec268000,0x00000000ec280000)
  to   space 1024K, 0% used [0x00000000ec080000,0x00000000ec080000,0x00000000ec180000)
 ParOldGen       total 68608K, used 46456K [0x00000000c0000000, 0x00000000c4300000, 0x00000000eab00000)
  object space 68608K, 67% used [0x00000000c0000000,0x00000000c2d5e070,0x00000000c4300000)
 Metaspace       used 45475K, committed 46656K, reserved 1114112K
  class space    used 4320K, committed 4864K, reserved 1048576K
}
Event: 35.249 GC heap before
{Heap before GC invocations=35 (full 2):
 PSYoungGen      total 20992K, used 20896K [0x00000000eab00000, 0x00000000ec280000, 0x0000000100000000)
  eden space 20480K, 100% used [0x00000000eab00000,0x00000000ebf00000,0x00000000ebf00000)
  from space 512K, 81% used [0x00000000ec200000,0x00000000ec268000,0x00000000ec280000)
  to   space 1024K, 0% used [0x00000000ec080000,0x00000000ec080000,0x00000000ec180000)
 ParOldGen       total 68608K, used 46456K [0x00000000c0000000, 0x00000000c4300000, 0x00000000eab00000)
  object space 68608K, 67% used [0x00000000c0000000,0x00000000c2d5e070,0x00000000c4300000)
 Metaspace       used 45594K, committed 46784K, reserved 1114112K
  class space    used 4323K, committed 4864K, reserved 1048576K
}
Event: 35.251 GC heap after
{Heap after GC invocations=35 (full 2):
 PSYoungGen      total 21504K, used 288K [0x00000000eab00000, 0x00000000ec280000, 0x0000000100000000)
  eden space 20480K, 0% used [0x00000000eab00000,0x00000000eab00000,0x00000000ebf00000)
  from space 1024K, 28% used [0x00000000ec080000,0x00000000ec0c8000,0x00000000ec180000)
  to   space 512K, 0% used [0x00000000ec200000,0x00000000ec200000,0x00000000ec280000)
 ParOldGen       total 68608K, used 46805K [0x00000000c0000000, 0x00000000c4300000, 0x00000000eab00000)
  object space 68608K, 68% used [0x00000000c0000000,0x00000000c2db57f0,0x00000000c4300000)
 Metaspace       used 45594K, committed 46784K, reserved 1114112K
  class space    used 4323K, committed 4864K, reserved 1048576K
}
Event: 35.766 GC heap before
{Heap before GC invocations=36 (full 2):
 PSYoungGen      total 21504K, used 20768K [0x00000000eab00000, 0x00000000ec280000, 0x0000000100000000)
  eden space 20480K, 100% used [0x00000000eab00000,0x00000000ebf00000,0x00000000ebf00000)
  from space 1024K, 28% used [0x00000000ec080000,0x00000000ec0c8000,0x00000000ec180000)
  to   space 512K, 0% used [0x00000000ec200000,0x00000000ec200000,0x00000000ec280000)
 ParOldGen       total 68608K, used 46805K [0x00000000c0000000, 0x00000000c4300000, 0x00000000eab00000)
  object space 68608K, 68% used [0x00000000c0000000,0x00000000c2db57f0,0x00000000c4300000)
 Metaspace       used 45738K, committed 46976K, reserved 1114112K
  class space    used 4324K, committed 4864K, reserved 1048576K
}
Event: 35.774 GC heap after
{Heap after GC invocations=36 (full 2):
 PSYoungGen      total 20992K, used 512K [0x00000000eab00000, 0x00000000ec280000, 0x0000000100000000)
  eden space 20480K, 0% used [0x00000000eab00000,0x00000000eab00000,0x00000000ebf00000)
  from space 512K, 100% used [0x00000000ec200000,0x00000000ec280000,0x00000000ec280000)
  to   space 1024K, 0% used [0x00000000ec080000,0x00000000ec080000,0x00000000ec180000)
 ParOldGen       total 68608K, used 48962K [0x00000000c0000000, 0x00000000c4300000, 0x00000000eab00000)
  object space 68608K, 71% used [0x00000000c0000000,0x00000000c2fd0a98,0x00000000c4300000)
 Metaspace       used 45738K, committed 46976K, reserved 1114112K
  class space    used 4324K, committed 4864K, reserved 1048576K
}
Event: 36.386 GC heap before
{Heap before GC invocations=37 (full 2):
 PSYoungGen      total 20992K, used 20992K [0x00000000eab00000, 0x00000000ec280000, 0x0000000100000000)
  eden space 20480K, 100% used [0x00000000eab00000,0x00000000ebf00000,0x00000000ebf00000)
  from space 512K, 100% used [0x00000000ec200000,0x00000000ec280000,0x00000000ec280000)
  to   space 1024K, 0% used [0x00000000ec080000,0x00000000ec080000,0x00000000ec180000)
 ParOldGen       total 68608K, used 48962K [0x00000000c0000000, 0x00000000c4300000, 0x00000000eab00000)
  object space 68608K, 71% used [0x00000000c0000000,0x00000000c2fd0a98,0x00000000c4300000)
 Metaspace       used 45801K, committed 46976K, reserved 1114112K
  class space    used 4324K, committed 4864K, reserved 1048576K
}
Event: 36.392 GC heap after
{Heap after GC invocations=37 (full 2):
 PSYoungGen      total 21504K, used 1019K [0x00000000eab00000, 0x00000000ec280000, 0x0000000100000000)
  eden space 20480K, 0% used [0x00000000eab00000,0x00000000eab00000,0x00000000ebf00000)
  from space 1024K, 99% used [0x00000000ec080000,0x00000000ec17ecd8,0x00000000ec180000)
  to   space 512K, 0% used [0x00000000ec200000,0x00000000ec200000,0x00000000ec280000)
 ParOldGen       total 68608K, used 49494K [0x00000000c0000000, 0x00000000c4300000, 0x00000000eab00000)
  object space 68608K, 72% used [0x00000000c0000000,0x00000000c30558c0,0x00000000c4300000)
 Metaspace       used 45801K, committed 46976K, reserved 1114112K
  class space    used 4324K, committed 4864K, reserved 1048576K
}

