# JRE version: OpenJDK Runtime Environment Temurin-21.0.7+6 (21.0.7+6) (build 21.0.7+6-LTS)
# Java VM: OpenJDK 64-Bit Server VM Temurin-21.0.7+6 (21.0.7+6-LTS, mixed mode, sharing, tiered, compressed oops, compressed class ptrs, parallel gc, windows-amd64)
GC Precious Log:
 CardTable entry size: 512
 CPUs: 8 total, 8 available
 Memory: 7971M
 Large Page Support: Disabled
 NUMA Support: Disabled
 Compressed Oops: Enabled (32-bit)
 Alignments: Space 512K, Generation 512K, Heap 2M
 Heap Min Capacity: 100M
 Heap Initial Capacity: 100M
 Heap Max Capacity: 1G
 Pre-touch: Disabled
 Parallel Workers: 8
Heap:
 PSYoungGen      total 22016K, used 11029K [0x00000000eab00000, 0x00000000ec680000, 0x0000000100000000)
  eden space 18944K, 42% used [0x00000000eab00000,0x00000000eb2ea4c8,0x00000000ebd80000)
  from space 3072K, 95% used [0x00000000ebd80000,0x00000000ec05b060,0x00000000ec080000)
  to   space 4608K, 0% used [0x00000000ec200000,0x00000000ec200000,0x00000000ec680000)
 ParOldGen       total 68608K, used 51703K [0x00000000c0000000, 0x00000000c4300000, 0x00000000eab00000)
  object space 68608K, 75% used [0x00000000c0000000,0x00000000c327df38,0x00000000c4300000)
 Metaspace       used 50895K, committed 52224K, reserved 1114112K
  class space    used 5347K, committed 5952K, reserved 1048576K
GC Heap History (20 events):
Event: 20.042 GC heap before
{Heap before GC invocations=21 (full 2):
 PSYoungGen      total 22016K, used 21984K [0x00000000eab00000, 0x00000000ec980000, 0x0000000100000000)
  eden space 20992K, 100% used [0x00000000eab00000,0x00000000ebf80000,0x00000000ebf80000)
  from space 1024K, 96% used [0x00000000ec400000,0x00000000ec4f8060,0x00000000ec500000)
  to   space 4608K, 0% used [0x00000000ebf80000,0x00000000ebf80000,0x00000000ec400000)
 ParOldGen       total 68608K, used 24267K [0x00000000c0000000, 0x00000000c4300000, 0x00000000eab00000)
  object space 68608K, 35% used [0x00000000c0000000,0x00000000c17b2f88,0x00000000c4300000)
 Metaspace       used 43996K, committed 45376K, reserved 1114112K
  class space    used 4583K, committed 5248K, reserved 1048576K
}
Event: 20.047 GC heap after
{Heap after GC invocations=21 (full 2):
 PSYoungGen      total 23552K, used 2433K [0x00000000eab00000, 0x00000000ec580000, 0x0000000100000000)
  eden space 20992K, 0% used [0x00000000eab00000,0x00000000eab00000,0x00000000ebf80000)
  from space 2560K, 95% used [0x00000000ebf80000,0x00000000ec1e07d8,0x00000000ec200000)
  to   space 3072K, 0% used [0x00000000ec280000,0x00000000ec280000,0x00000000ec580000)
 ParOldGen       total 68608K, used 25211K [0x00000000c0000000, 0x00000000c4300000, 0x00000000eab00000)
  object space 68608K, 36% used [0x00000000c0000000,0x00000000c189efd8,0x00000000c4300000)
 Metaspace       used 43996K, committed 45376K, reserved 1114112K
  class space    used 4583K, committed 5248K, reserved 1048576K
}
Event: 20.228 GC heap before
{Heap before GC invocations=22 (full 2):
 PSYoungGen      total 23552K, used 23425K [0x00000000eab00000, 0x00000000ec580000, 0x0000000100000000)
  eden space 20992K, 100% used [0x00000000eab00000,0x00000000ebf80000,0x00000000ebf80000)
  from space 2560K, 95% used [0x00000000ebf80000,0x00000000ec1e07d8,0x00000000ec200000)
  to   space 3072K, 0% used [0x00000000ec280000,0x00000000ec280000,0x00000000ec580000)
 ParOldGen       total 68608K, used 25211K [0x00000000c0000000, 0x00000000c4300000, 0x00000000eab00000)
  object space 68608K, 36% used [0x00000000c0000000,0x00000000c189efd8,0x00000000c4300000)
 Metaspace       used 44401K, committed 45760K, reserved 1114112K
  class space    used 4630K, committed 5248K, reserved 1048576K
}
Event: 20.234 GC heap after
{Heap after GC invocations=22 (full 2):
 PSYoungGen      total 24064K, used 2523K [0x00000000eab00000, 0x00000000ec580000, 0x0000000100000000)
  eden space 20992K, 0% used [0x00000000eab00000,0x00000000eab00000,0x00000000ebf80000)
  from space 3072K, 82% used [0x00000000ec280000,0x00000000ec4f6c18,0x00000000ec580000)
  to   space 3072K, 0% used [0x00000000ebf80000,0x00000000ebf80000,0x00000000ec280000)
 ParOldGen       total 68608K, used 27443K [0x00000000c0000000, 0x00000000c4300000, 0x00000000eab00000)
  object space 68608K, 40% used [0x00000000c0000000,0x00000000c1accda0,0x00000000c4300000)
 Metaspace       used 44401K, committed 45760K, reserved 1114112K
  class space    used 4630K, committed 5248K, reserved 1048576K
}
Event: 20.392 GC heap before
{Heap before GC invocations=23 (full 2):
 PSYoungGen      total 24064K, used 23515K [0x00000000eab00000, 0x00000000ec580000, 0x0000000100000000)
  eden space 20992K, 100% used [0x00000000eab00000,0x00000000ebf80000,0x00000000ebf80000)
  from space 3072K, 82% used [0x00000000ec280000,0x00000000ec4f6c18,0x00000000ec580000)
  to   space 3072K, 0% used [0x00000000ebf80000,0x00000000ebf80000,0x00000000ec280000)
 ParOldGen       total 68608K, used 27446K [0x00000000c0000000, 0x00000000c4300000, 0x00000000eab00000)
  object space 68608K, 40% used [0x00000000c0000000,0x00000000c1acd840,0x00000000c4300000)
 Metaspace       used 44586K, committed 45952K, reserved 1114112K
  class space    used 4652K, committed 5312K, reserved 1048576K
}
Event: 20.398 GC heap after
{Heap after GC invocations=23 (full 2):
 PSYoungGen      total 24064K, used 2594K [0x00000000eab00000, 0x00000000ec580000, 0x0000000100000000)
  eden space 20992K, 0% used [0x00000000eab00000,0x00000000eab00000,0x00000000ebf80000)
  from space 3072K, 84% used [0x00000000ebf80000,0x00000000ec208800,0x00000000ec280000)
  to   space 3072K, 0% used [0x00000000ec280000,0x00000000ec280000,0x00000000ec580000)
 ParOldGen       total 68608K, used 29803K [0x00000000c0000000, 0x00000000c4300000, 0x00000000eab00000)
  object space 68608K, 43% used [0x00000000c0000000,0x00000000c1d1aff0,0x00000000c4300000)
 Metaspace       used 44586K, committed 45952K, reserved 1114112K
  class space    used 4652K, committed 5312K, reserved 1048576K
}
Event: 20.848 GC heap before
{Heap before GC invocations=24 (full 2):
 PSYoungGen      total 24064K, used 23586K [0x00000000eab00000, 0x00000000ec580000, 0x0000000100000000)
  eden space 20992K, 100% used [0x00000000eab00000,0x00000000ebf80000,0x00000000ebf80000)
  from space 3072K, 84% used [0x00000000ebf80000,0x00000000ec208800,0x00000000ec280000)
  to   space 3072K, 0% used [0x00000000ec280000,0x00000000ec280000,0x00000000ec580000)
 ParOldGen       total 68608K, used 29803K [0x00000000c0000000, 0x00000000c4300000, 0x00000000eab00000)
  object space 68608K, 43% used [0x00000000c0000000,0x00000000c1d1aff0,0x00000000c4300000)
 Metaspace       used 45145K, committed 46400K, reserved 1114112K
  class space    used 4703K, committed 5312K, reserved 1048576K
}
Event: 20.859 GC heap after
{Heap after GC invocations=24 (full 2):
 PSYoungGen      total 24064K, used 2603K [0x00000000eab00000, 0x00000000ec580000, 0x0000000100000000)
  eden space 20992K, 0% used [0x00000000eab00000,0x00000000eab00000,0x00000000ebf80000)
  from space 3072K, 84% used [0x00000000ec280000,0x00000000ec50aeb8,0x00000000ec580000)
  to   space 3072K, 0% used [0x00000000ebf80000,0x00000000ebf80000,0x00000000ec280000)
 ParOldGen       total 68608K, used 32079K [0x00000000c0000000, 0x00000000c4300000, 0x00000000eab00000)
  object space 68608K, 46% used [0x00000000c0000000,0x00000000c1f53cf0,0x00000000c4300000)
 Metaspace       used 45145K, committed 46400K, reserved 1114112K
  class space    used 4703K, committed 5312K, reserved 1048576K
}
Event: 21.042 GC heap before
{Heap before GC invocations=25 (full 2):
 PSYoungGen      total 24064K, used 23595K [0x00000000eab00000, 0x00000000ec580000, 0x0000000100000000)
  eden space 20992K, 100% used [0x00000000eab00000,0x00000000ebf80000,0x00000000ebf80000)
  from space 3072K, 84% used [0x00000000ec280000,0x00000000ec50aeb8,0x00000000ec580000)
  to   space 3072K, 0% used [0x00000000ebf80000,0x00000000ebf80000,0x00000000ec280000)
 ParOldGen       total 68608K, used 32079K [0x00000000c0000000, 0x00000000c4300000, 0x00000000eab00000)
  object space 68608K, 46% used [0x00000000c0000000,0x00000000c1f53cf0,0x00000000c4300000)
 Metaspace       used 45301K, committed 46656K, reserved 1114112K
  class space    used 4723K, committed 5376K, reserved 1048576K
}
Event: 21.051 GC heap after
{Heap after GC invocations=25 (full 2):
 PSYoungGen      total 24064K, used 2562K [0x00000000eab00000, 0x00000000ec580000, 0x0000000100000000)
  eden space 20992K, 0% used [0x00000000eab00000,0x00000000eab00000,0x00000000ebf80000)
  from space 3072K, 83% used [0x00000000ebf80000,0x00000000ec200a48,0x00000000ec280000)
  to   space 3072K, 0% used [0x00000000ec280000,0x00000000ec280000,0x00000000ec580000)
 ParOldGen       total 68608K, used 34564K [0x00000000c0000000, 0x00000000c4300000, 0x00000000eab00000)
  object space 68608K, 50% used [0x00000000c0000000,0x00000000c21c1170,0x00000000c4300000)
 Metaspace       used 45301K, committed 46656K, reserved 1114112K
  class space    used 4723K, committed 5376K, reserved 1048576K
}
Event: 21.194 GC heap before
{Heap before GC invocations=26 (full 2):
 PSYoungGen      total 24064K, used 23554K [0x00000000eab00000, 0x00000000ec580000, 0x0000000100000000)
  eden space 20992K, 100% used [0x00000000eab00000,0x00000000ebf80000,0x00000000ebf80000)
  from space 3072K, 83% used [0x00000000ebf80000,0x00000000ec200a48,0x00000000ec280000)
  to   space 3072K, 0% used [0x00000000ec280000,0x00000000ec280000,0x00000000ec580000)
 ParOldGen       total 68608K, used 34564K [0x00000000c0000000, 0x00000000c4300000, 0x00000000eab00000)
  object space 68608K, 50% used [0x00000000c0000000,0x00000000c21c1170,0x00000000c4300000)
 Metaspace       used 45588K, committed 46912K, reserved 1114112K
  class space    used 4760K, committed 5376K, reserved 1048576K
}
Event: 21.203 GC heap after
{Heap after GC invocations=26 (full 2):
 PSYoungGen      total 23552K, used 2385K [0x00000000eab00000, 0x00000000ec500000, 0x0000000100000000)
  eden space 20992K, 0% used [0x00000000eab00000,0x00000000eab00000,0x00000000ebf80000)
  from space 2560K, 93% used [0x00000000ec280000,0x00000000ec4d4678,0x00000000ec500000)
  to   space 2560K, 0% used [0x00000000ec000000,0x00000000ec000000,0x00000000ec280000)
 ParOldGen       total 68608K, used 36964K [0x00000000c0000000, 0x00000000c4300000, 0x00000000eab00000)
  object space 68608K, 53% used [0x00000000c0000000,0x00000000c2419370,0x00000000c4300000)
 Metaspace       used 45588K, committed 46912K, reserved 1114112K
  class space    used 4760K, committed 5376K, reserved 1048576K
}
Event: 21.410 GC heap before
{Heap before GC invocations=27 (full 2):
 PSYoungGen      total 23552K, used 23377K [0x00000000eab00000, 0x00000000ec500000, 0x0000000100000000)
  eden space 20992K, 100% used [0x00000000eab00000,0x00000000ebf80000,0x00000000ebf80000)
  from space 2560K, 93% used [0x00000000ec280000,0x00000000ec4d4678,0x00000000ec500000)
  to   space 2560K, 0% used [0x00000000ec000000,0x00000000ec000000,0x00000000ec280000)
 ParOldGen       total 68608K, used 36964K [0x00000000c0000000, 0x00000000c4300000, 0x00000000eab00000)
  object space 68608K, 53% used [0x00000000c0000000,0x00000000c2419370,0x00000000c4300000)
 Metaspace       used 46122K, committed 47488K, reserved 1114112K
  class space    used 4832K, committed 5504K, reserved 1048576K
}
Event: 21.417 GC heap after
{Heap after GC invocations=27 (full 2):
 PSYoungGen      total 23552K, used 2558K [0x00000000eab00000, 0x00000000ecc80000, 0x0000000100000000)
  eden space 20992K, 0% used [0x00000000eab00000,0x00000000eab00000,0x00000000ebf80000)
  from space 2560K, 99% used [0x00000000ec000000,0x00000000ec27fae8,0x00000000ec280000)
  to   space 6656K, 0% used [0x00000000ec600000,0x00000000ec600000,0x00000000ecc80000)
 ParOldGen       total 68608K, used 40054K [0x00000000c0000000, 0x00000000c4300000, 0x00000000eab00000)
  object space 68608K, 58% used [0x00000000c0000000,0x00000000c271da60,0x00000000c4300000)
 Metaspace       used 46122K, committed 47488K, reserved 1114112K
  class space    used 4832K, committed 5504K, reserved 1048576K
}
Event: 21.703 GC heap before
{Heap before GC invocations=28 (full 2):
 PSYoungGen      total 23552K, used 23550K [0x00000000eab00000, 0x00000000ecc80000, 0x0000000100000000)
  eden space 20992K, 100% used [0x00000000eab00000,0x00000000ebf80000,0x00000000ebf80000)
  from space 2560K, 99% used [0x00000000ec000000,0x00000000ec27fae8,0x00000000ec280000)
  to   space 6656K, 0% used [0x00000000ec600000,0x00000000ec600000,0x00000000ecc80000)
 ParOldGen       total 68608K, used 40054K [0x00000000c0000000, 0x00000000c4300000, 0x00000000eab00000)
  object space 68608K, 58% used [0x00000000c0000000,0x00000000c271da60,0x00000000c4300000)
 Metaspace       used 47235K, committed 48512K, reserved 1114112K
  class space    used 4957K, committed 5568K, reserved 1048576K
}
Event: 21.712 GC heap after
{Heap after GC invocations=28 (full 2):
 PSYoungGen      total 24576K, used 3313K [0x00000000eab00000, 0x00000000ec980000, 0x0000000100000000)
  eden space 20992K, 0% used [0x00000000eab00000,0x00000000eab00000,0x00000000ebf80000)
  from space 3584K, 92% used [0x00000000ec600000,0x00000000ec93c7b0,0x00000000ec980000)
  to   space 4608K, 0% used [0x00000000ec080000,0x00000000ec080000,0x00000000ec500000)
 ParOldGen       total 68608K, used 42521K [0x00000000c0000000, 0x00000000c4300000, 0x00000000eab00000)
  object space 68608K, 61% used [0x00000000c0000000,0x00000000c2986568,0x00000000c4300000)
 Metaspace       used 47235K, committed 48512K, reserved 1114112K
  class space    used 4957K, committed 5568K, reserved 1048576K
}
Event: 21.991 GC heap before
{Heap before GC invocations=29 (full 2):
 PSYoungGen      total 24576K, used 24305K [0x00000000eab00000, 0x00000000ec980000, 0x0000000100000000)
  eden space 20992K, 100% used [0x00000000eab00000,0x00000000ebf80000,0x00000000ebf80000)
  from space 3584K, 92% used [0x00000000ec600000,0x00000000ec93c7b0,0x00000000ec980000)
  to   space 4608K, 0% used [0x00000000ec080000,0x00000000ec080000,0x00000000ec500000)
 ParOldGen       total 68608K, used 42521K [0x00000000c0000000, 0x00000000c4300000, 0x00000000eab00000)
  object space 68608K, 61% used [0x00000000c0000000,0x00000000c2986568,0x00000000c4300000)
 Metaspace       used 48123K, committed 49472K, reserved 1114112K
  class space    used 5054K, committed 5696K, reserved 1048576K
}
Event: 21.998 GC heap after
{Heap after GC invocations=29 (full 2):
 PSYoungGen      total 25088K, used 3850K [0x00000000eab00000, 0x00000000ec780000, 0x0000000100000000)
  eden space 20992K, 0% used [0x00000000eab00000,0x00000000eab00000,0x00000000ebf80000)
  from space 4096K, 94% used [0x00000000ec080000,0x00000000ec442bd0,0x00000000ec480000)
  to   space 3072K, 0% used [0x00000000ec480000,0x00000000ec480000,0x00000000ec780000)
 ParOldGen       total 68608K, used 45475K [0x00000000c0000000, 0x00000000c4300000, 0x00000000eab00000)
  object space 68608K, 66% used [0x00000000c0000000,0x00000000c2c68e10,0x00000000c4300000)
 Metaspace       used 48123K, committed 49472K, reserved 1114112K
  class space    used 5054K, committed 5696K, reserved 1048576K
}
Event: 22.548 GC heap before
{Heap before GC invocations=30 (full 2):
 PSYoungGen      total 25088K, used 24842K [0x00000000eab00000, 0x00000000ec780000, 0x0000000100000000)
  eden space 20992K, 100% used [0x00000000eab00000,0x00000000ebf80000,0x00000000ebf80000)
  from space 4096K, 94% used [0x00000000ec080000,0x00000000ec442bd0,0x00000000ec480000)
  to   space 3072K, 0% used [0x00000000ec480000,0x00000000ec480000,0x00000000ec780000)
 ParOldGen       total 68608K, used 45475K [0x00000000c0000000, 0x00000000c4300000, 0x00000000eab00000)
  object space 68608K, 66% used [0x00000000c0000000,0x00000000c2c68e10,0x00000000c4300000)
 Metaspace       used 49403K, committed 50688K, reserved 1114112K
  class space    used 5200K, committed 5824K, reserved 1048576K
}
Event: 22.554 GC heap after
{Heap after GC invocations=30 (full 2):
 PSYoungGen      total 22016K, used 3045K [0x00000000eab00000, 0x00000000ecd80000, 0x0000000100000000)
  eden space 18944K, 0% used [0x00000000eab00000,0x00000000eab00000,0x00000000ebd80000)
  from space 3072K, 99% used [0x00000000ec480000,0x00000000ec779760,0x00000000ec780000)
  to   space 7168K, 0% used [0x00000000ebd80000,0x00000000ebd80000,0x00000000ec480000)
 ParOldGen       total 68608K, used 48909K [0x00000000c0000000, 0x00000000c4300000, 0x00000000eab00000)
  object space 68608K, 71% used [0x00000000c0000000,0x00000000c2fc34e0,0x00000000c4300000)
 Metaspace       used 49403K, committed 50688K, reserved 1114112K
  class space    used 5200K, committed 5824K, reserved 1048576K
}

